<?xml version="1.0" encoding="UTF-8"?>
<!-- Generated by org.testng.reporters.JUnitReportReporter -->
<testsuite hostname="Swapnil" failures="0" tests="2" name="com.qa.test.loginPageTest" time="30.881" errors="0" timestamp="2020-05-23T22:57:50 IST" skipped="0">
  <testcase classname="com.qa.test.loginPageTest" name="loginPageTitle" time="0.022"/>
  <system-out/>
  <testcase classname="com.qa.test.loginPageTest" name="login" time="30.859"/>
  <system-out/>
</testsuite> <!-- com.qa.test.loginPageTest -->
